23:05:51.322 [main] INFO  api.test.UserTest - *******creating the user******
23:05:53.974 [main] INFO  api.test.UserTest - *******user created******
23:05:53.980 [main] INFO  api.test.UserTest - ******Reading the user********
23:05:55.310 [main] INFO  api.test.UserTest - ******updating the user********
23:05:56.636 [main] INFO  api.test.UserTest - ******User updated********
23:05:56.638 [main] INFO  api.test.UserTest - ******Deleting the user********
23:05:57.950 [main] INFO  api.test.UserTest - ******User Deleted********
23:24:42.361 [main] INFO  api.test.UserTest - *******creating the user******
23:24:43.053 [main] INFO  api.test.UserTest - ******Reading the user********
23:24:43.065 [main] INFO  api.test.UserTest - ******updating the user********
23:24:43.076 [main] INFO  api.test.UserTest - ******Deleting the user********
23:28:01.354 [main] INFO  api.test.UserTest - *******creating the user******
23:28:04.335 [main] INFO  api.test.UserTest - *******user created******
23:28:04.341 [main] INFO  api.test.UserTest - ******Reading the user********
23:28:05.747 [main] INFO  api.test.UserTest - ******updating the user********
23:28:07.149 [main] INFO  api.test.UserTest - ******User updated********
23:28:07.153 [main] INFO  api.test.UserTest - ******Deleting the user********
23:28:08.511 [main] INFO  api.test.UserTest - ******User Deleted********
23:29:38.476 [main] INFO  api.test.UserTest2 - *******creating the user******
23:29:39.145 [main] INFO  api.test.UserTest2 - ******Reading the user********
23:29:39.157 [main] INFO  api.test.UserTest2 - ******updating the user********
23:29:39.167 [main] INFO  api.test.UserTest2 - ******Deleting the user********
23:31:40.257 [main] INFO  api.test.UserTest2 - *******creating the user******
23:31:42.943 [main] INFO  api.test.UserTest2 - *******user created******
23:31:42.949 [main] INFO  api.test.UserTest2 - ******Reading the user********
23:31:44.370 [main] INFO  api.test.UserTest2 - ******updating the user********
23:31:45.743 [main] INFO  api.test.UserTest2 - ******User updated********
23:31:45.746 [main] INFO  api.test.UserTest2 - ******Deleting the user********
23:32:03.485 [main] INFO  api.test.UserTest2 - *******creating the user******
23:32:06.149 [main] INFO  api.test.UserTest2 - *******user created******
23:32:06.159 [main] INFO  api.test.UserTest2 - ******Reading the user********
23:32:07.556 [main] INFO  api.test.UserTest2 - ******updating the user********
23:32:08.925 [main] INFO  api.test.UserTest2 - ******User updated********
23:32:08.927 [main] INFO  api.test.UserTest2 - ******Deleting the user********
23:32:10.292 [main] INFO  api.test.UserTest2 - ******User Deleted********
23:49:48.478 [main] INFO  api.test.UserTest - *******creating the user******
23:49:51.490 [main] INFO  api.test.UserTest - *******user created******
23:49:51.493 [main] INFO  api.test.UserTest - ******Reading the user********
23:49:52.922 [main] INFO  api.test.UserTest - ******updating the user********
23:49:54.320 [main] INFO  api.test.UserTest - ******User updated********
23:49:54.321 [main] INFO  api.test.UserTest - ******Deleting the user********
23:49:55.643 [main] INFO  api.test.UserTest - ******User Deleted********
23:50:50.040 [main] INFO  api.test.UserTest - *******creating the user******
23:50:53.112 [main] INFO  api.test.UserTest - *******user created******
23:50:53.117 [main] INFO  api.test.UserTest - ******Reading the user********
23:50:54.484 [main] INFO  api.test.UserTest - ******updating the user********
23:50:55.858 [main] INFO  api.test.UserTest - ******User updated********
23:50:55.859 [main] INFO  api.test.UserTest - ******Deleting the user********
23:50:57.218 [main] INFO  api.test.UserTest - ******User Deleted********
23:51:14.159 [main] INFO  api.test.UserTest - *******creating the user******
23:51:17.107 [main] INFO  api.test.UserTest - *******user created******
23:51:17.109 [main] INFO  api.test.UserTest - ******Reading the user********
23:51:18.463 [main] INFO  api.test.UserTest - ******updating the user********
23:51:19.923 [main] INFO  api.test.UserTest - ******User updated********
23:51:19.924 [main] INFO  api.test.UserTest - ******Deleting the user********
23:51:21.383 [main] INFO  api.test.UserTest - ******User Deleted********
23:55:49.809 [main] INFO  api.test.UserTest - *******creating the user******
23:55:52.592 [main] INFO  api.test.UserTest - *******user created******
23:55:52.596 [main] INFO  api.test.UserTest - ******Reading the user********
23:55:53.920 [main] INFO  api.test.UserTest - ******updating the user********
23:55:55.258 [main] INFO  api.test.UserTest - ******User updated********
23:55:55.258 [main] INFO  api.test.UserTest - ******Deleting the user********
23:56:30.642 [main] INFO  api.test.UserTest - *******creating the user******
23:56:33.423 [main] INFO  api.test.UserTest - *******user created******
23:56:33.434 [main] INFO  api.test.UserTest - ******Reading the user********
23:56:34.865 [main] INFO  api.test.UserTest - ******updating the user********
23:56:36.193 [main] INFO  api.test.UserTest - ******User updated********
23:56:36.196 [main] INFO  api.test.UserTest - ******Deleting the user********
23:56:37.510 [main] INFO  api.test.UserTest - ******User Deleted********
23:56:53.433 [main] INFO  api.test.UserTest - *******creating the user******
23:56:56.236 [main] INFO  api.test.UserTest - *******user created******
23:56:56.239 [main] INFO  api.test.UserTest - ******Reading the user********
23:56:57.560 [main] INFO  api.test.UserTest - ******updating the user********
23:56:58.937 [main] INFO  api.test.UserTest - ******User updated********
23:56:58.938 [main] INFO  api.test.UserTest - ******Deleting the user********
23:57:00.267 [main] INFO  api.test.UserTest - ******User Deleted********
23:58:59.685 [main] INFO  api.test.UserTest - *******creating the user******
23:59:02.404 [main] INFO  api.test.UserTest - *******user created******
23:59:02.406 [main] INFO  api.test.UserTest - ******Reading the user********
23:59:03.783 [main] INFO  api.test.UserTest - ******updating the user********
23:59:05.131 [main] INFO  api.test.UserTest - ******User updated********
23:59:05.132 [main] INFO  api.test.UserTest - ******Deleting the user********
23:59:06.498 [main] INFO  api.test.UserTest - ******User Deleted********
00:01:07.837 [main] INFO  api.test.UserTest - *******creating the user******
00:01:10.676 [main] INFO  api.test.UserTest - *******user created******
00:01:10.678 [main] INFO  api.test.UserTest - ******Reading the user********
00:01:12.061 [main] INFO  api.test.UserTest - ******updating the user********
00:01:13.471 [main] INFO  api.test.UserTest - ******User updated********
00:01:13.472 [main] INFO  api.test.UserTest - ******Deleting the user********
00:01:14.816 [main] INFO  api.test.UserTest - ******User Deleted********
00:02:32.883 [main] INFO  api.test.UserTest - *******creating the user******
00:02:35.612 [main] INFO  api.test.UserTest - *******user created******
00:02:35.621 [main] INFO  api.test.UserTest - ******Reading the user********
00:02:36.958 [main] INFO  api.test.UserTest - ******updating the user********
00:02:38.299 [main] INFO  api.test.UserTest - ******User updated********
00:02:38.301 [main] INFO  api.test.UserTest - ******Deleting the user********
00:02:57.910 [main] INFO  api.test.UserTest - *******creating the user******
00:03:00.657 [main] INFO  api.test.UserTest - *******user created******
00:03:00.666 [main] INFO  api.test.UserTest - ******Reading the user********
00:03:02.041 [main] INFO  api.test.UserTest - ******updating the user********
00:03:03.437 [main] INFO  api.test.UserTest - ******User updated********
00:03:03.438 [main] INFO  api.test.UserTest - ******Deleting the user********
00:04:00.531 [main] INFO  api.test.UserTest - *******creating the user******
00:04:03.569 [main] INFO  api.test.UserTest - *******user created******
00:04:03.579 [main] INFO  api.test.UserTest - ******Reading the user********
00:04:04.942 [main] INFO  api.test.UserTest - ******updating the user********
00:04:06.333 [main] INFO  api.test.UserTest - ******User updated********
00:04:06.335 [main] INFO  api.test.UserTest - ******Deleting the user********
10:45:17.238 [main] INFO  api.test.UserTest - *******creating the user******
10:45:21.946 [main] INFO  api.test.UserTest - *******user created******
10:45:21.958 [main] INFO  api.test.UserTest - ******Reading the user********
10:45:23.595 [main] INFO  api.test.UserTest - ******updating the user********
10:45:25.288 [main] INFO  api.test.UserTest - ******User updated********
10:45:25.293 [main] INFO  api.test.UserTest - ******Deleting the user********
10:45:26.861 [main] INFO  api.test.UserTest - ******User Deleted********
10:47:19.771 [main] INFO  api.test.UserTest - *******creating the user******
10:47:24.226 [main] INFO  api.test.UserTest - *******user created******
10:47:24.273 [main] INFO  api.test.UserTest - ******Reading the user********
10:47:25.968 [main] INFO  api.test.UserTest - ******updating the user********
10:47:27.866 [main] INFO  api.test.UserTest - ******User updated********
10:47:27.872 [main] INFO  api.test.UserTest - ******Deleting the user********
10:47:29.639 [main] INFO  api.test.UserTest - ******User Deleted********
